# JRE version: Java(TM) SE Runtime Environment (7.0_45-b18) (build 1.7.0_45-b18)
# Java VM: Java HotSpot(TM) 64-Bit Server VM (24.45-b08 mixed mode windows-amd64 compressed oops)
Heap
 PSYoungGen      total 1341440K, used 52734K [0x00000007ac600000, 0x00000007ffc00000, 0x0000000800000000)
  eden space 1319936K, 3% used [0x00000007ac600000,0x00000007af97f8e0,0x00000007fcf00000)
  from space 21504K, 0% used [0x00000007fe700000,0x00000007fe700000,0x00000007ffc00000)
  to   space 23040K, 0% used [0x00000007fcf00000,0x00000007fcf00000,0x00000007fe580000)
 ParOldGen       total 171008K, used 27127K [0x0000000705200000, 0x000000070f900000, 0x00000007ac600000)
  object space 171008K, 15% used [0x0000000705200000,0x0000000706c7de10,0x000000070f900000)
 PSPermGen       total 59392K, used 29666K [0x0000000700000000, 0x0000000703a00000, 0x0000000705200000)
  object space 59392K, 49% used [0x0000000700000000,0x0000000701cf8a30,0x0000000703a00000)
GC Heap History (10 events):
Event: 6.735 GC heap before
{Heap before GC invocations=11 (full 0):
 PSYoungGen      total 846848K, used 823480K [0x00000007ac600000, 0x00000007e1a00000, 0x0000000800000000)
  eden space 822784K, 100% used [0x00000007ac600000,0x00000007de980000,0x00000007de980000)
  from space 24064K, 2% used [0x00000007e0180000,0x00000007e022e228,0x00000007e1900000)
  to   space 24576K, 0% used [0x00000007de980000,0x00000007de980000,0x00000007e0180000)
 ParOldGen       total 171008K, used 32579K [0x0000000705200000, 0x000000070f900000, 0x00000007ac600000)
  object space 171008K, 19% used [0x0000000705200000,0x00000007071d0d60,0x000000070f900000)
 PSPermGen       total 28672K, used 28545K [0x0000000700000000, 0x0000000701c00000, 0x0000000705200000)
  object space 28672K, 99% used [0x0000000700000000,0x0000000701be0738,0x0000000701c00000)
Event: 6.737 GC heap after
Heap after GC invocations=11 (full 0):
 PSYoungGen      total 847360K, used 459K [0x00000007ac600000, 0x00000007ffd00000, 0x0000000800000000)
  eden space 822784K, 0% used [0x00000007ac600000,0x00000007ac600000,0x00000007de980000)
  from space 24576K, 1% used [0x00000007de980000,0x00000007de9f2fc0,0x00000007e0180000)
  to   space 25088K, 0% used [0x00000007fe480000,0x00000007fe480000,0x00000007ffd00000)
 ParOldGen       total 171008K, used 33066K [0x0000000705200000, 0x000000070f900000, 0x00000007ac600000)
  object space 171008K, 19% used [0x0000000705200000,0x000000070724a878,0x000000070f900000)
 PSPermGen       total 28672K, used 28545K [0x0000000700000000, 0x0000000701c00000, 0x0000000705200000)
  object space 28672K, 99% used [0x0000000700000000,0x0000000701be0738,0x0000000701c00000)
}
Event: 6.878 GC heap before
{Heap before GC invocations=12 (full 0):
 PSYoungGen      total 847360K, used 823243K [0x00000007ac600000, 0x00000007ffd00000, 0x0000000800000000)
  eden space 822784K, 100% used [0x00000007ac600000,0x00000007de980000,0x00000007de980000)
  from space 24576K, 1% used [0x00000007de980000,0x00000007de9f2fc0,0x00000007e0180000)
  to   space 25088K, 0% used [0x00000007fe480000,0x00000007fe480000,0x00000007ffd00000)
 ParOldGen       total 171008K, used 33066K [0x0000000705200000, 0x000000070f900000, 0x00000007ac600000)
  object space 171008K, 19% used [0x0000000705200000,0x000000070724a878,0x000000070f900000)
 PSPermGen       total 28672K, used 28548K [0x0000000700000000, 0x0000000701c00000, 0x0000000705200000)
  object space 28672K, 99% used [0x0000000700000000,0x0000000701be11f8,0x0000000701c00000)
Event: 6.879 GC heap after
Heap after GC invocations=12 (full 0):
 PSYoungGen      total 1341952K, used 404K [0x00000007ac600000, 0x00000007ffd00000, 0x0000000800000000)
  eden space 1316864K, 0% used [0x00000007ac600000,0x00000007ac600000,0x00000007fcc00000)
  from space 25088K, 1% used [0x00000007fe480000,0x00000007fe4e52b8,0x00000007ffd00000)
  to   space 25088K, 0% used [0x00000007fcc00000,0x00000007fcc00000,0x00000007fe480000)
 ParOldGen       total 171008K, used 33184K [0x0000000705200000, 0x000000070f900000, 0x00000007ac600000)
  object space 171008K, 19% used [0x0000000705200000,0x00000007072683b0,0x000000070f900000)
 PSPermGen       total 28672K, used 28548K [0x0000000700000000, 0x0000000701c00000, 0x0000000705200000)
  object space 28672K, 99% used [0x0000000700000000,0x0000000701be11f8,0x0000000701c00000)
}
Event: 7.239 GC heap before
{Heap before GC invocations=13 (full 0):
 PSYoungGen      total 1341952K, used 1317268K [0x00000007ac600000, 0x00000007ffd00000, 0x0000000800000000)
  eden space 1316864K, 100% used [0x00000007ac600000,0x00000007fcc00000,0x00000007fcc00000)
  from space 25088K, 1% used [0x00000007fe480000,0x00000007fe4e52b8,0x00000007ffd00000)
  to   space 25088K, 0% used [0x00000007fcc00000,0x00000007fcc00000,0x00000007fe480000)
 ParOldGen       total 171008K, used 33184K [0x0000000705200000, 0x000000070f900000, 0x00000007ac600000)
  object space 171008K, 19% used [0x0000000705200000,0x00000007072683b0,0x000000070f900000)
 PSPermGen       total 28672K, used 28552K [0x0000000700000000, 0x0000000701c00000, 0x0000000705200000)
  object space 28672K, 99% used [0x0000000700000000,0x0000000701be21b8,0x0000000701c00000)
Event: 7.241 GC heap after
Heap after GC invocations=13 (full 0):
 PSYoungGen      total 1341952K, used 945K [0x00000007ac600000, 0x00000007fff00000, 0x0000000800000000)
  eden space 1316864K, 0% used [0x00000007ac600000,0x00000007ac600000,0x00000007fcc00000)
  from space 25088K, 3% used [0x00000007fcc00000,0x00000007fccec5b0,0x00000007fe480000)
  to   space 24576K, 0% used [0x00000007fe700000,0x00000007fe700000,0x00000007fff00000)
 ParOldGen       total 171008K, used 33271K [0x0000000705200000, 0x000000070f900000, 0x00000007ac600000)
  object space 171008K, 19% used [0x0000000705200000,0x000000070727de90,0x000000070f900000)
 PSPermGen       total 28672K, used 28552K [0x0000000700000000, 0x0000000701c00000, 0x0000000705200000)
  object space 28672K, 99% used [0x0000000700000000,0x0000000701be21b8,0x0000000701c00000)
}
Event: 8.583 GC heap before
{Heap before GC invocations=14 (full 0):
 PSYoungGen      total 1341952K, used 368871K [0x00000007ac600000, 0x00000007fff00000, 0x0000000800000000)
  eden space 1316864K, 27% used [0x00000007ac600000,0x00000007c2d4d660,0x00000007fcc00000)
  from space 25088K, 3% used [0x00000007fcc00000,0x00000007fccec5b0,0x00000007fe480000)
  to   space 24576K, 0% used [0x00000007fe700000,0x00000007fe700000,0x00000007fff00000)
 ParOldGen       total 171008K, used 33271K [0x0000000705200000, 0x000000070f900000, 0x00000007ac600000)
  object space 171008K, 19% used [0x0000000705200000,0x000000070727de90,0x000000070f900000)
 PSPermGen       total 30208K, used 29716K [0x0000000700000000, 0x0000000701d80000, 0x0000000705200000)
  object space 30208K, 98% used [0x0000000700000000,0x0000000701d05258,0x0000000701d80000)
Event: 8.590 GC heap after
Heap after GC invocations=14 (full 0):
 PSYoungGen      total 1341440K, used 6348K [0x00000007ac600000, 0x00000007ffc00000, 0x0000000800000000)
  eden space 1319936K, 0% used [0x00000007ac600000,0x00000007ac600000,0x00000007fcf00000)
  from space 21504K, 29% used [0x00000007fe700000,0x00000007fed33148,0x00000007ffc00000)
  to   space 23040K, 0% used [0x00000007fcf00000,0x00000007fcf00000,0x00000007fe580000)
 ParOldGen       total 171008K, used 33404K [0x0000000705200000, 0x000000070f900000, 0x00000007ac600000)
  object space 171008K, 19% used [0x0000000705200000,0x000000070729f1f0,0x000000070f900000)
 PSPermGen       total 30208K, used 29716K [0x0000000700000000, 0x0000000701d80000, 0x0000000705200000)
  object space 30208K, 98% used [0x0000000700000000,0x0000000701d05258,0x0000000701d80000)
}
Event: 8.590 GC heap before
{Heap before GC invocations=15 (full 1):
 PSYoungGen      total 1341440K, used 6348K [0x00000007ac600000, 0x00000007ffc00000, 0x0000000800000000)
  eden space 1319936K, 0% used [0x00000007ac600000,0x00000007ac600000,0x00000007fcf00000)
  from space 21504K, 29% used [0x00000007fe700000,0x00000007fed33148,0x00000007ffc00000)
  to   space 23040K, 0% used [0x00000007fcf00000,0x00000007fcf00000,0x00000007fe580000)
 ParOldGen       total 171008K, used 33404K [0x0000000705200000, 0x000000070f900000, 0x00000007ac600000)
  object space 171008K, 19% used [0x0000000705200000,0x000000070729f1f0,0x000000070f900000)
 PSPermGen       total 30208K, used 29716K [0x0000000700000000, 0x0000000701d80000, 0x0000000705200000)
  object space 30208K, 98% used [0x0000000700000000,0x0000000701d05258,0x0000000701d80000)
Event: 8.702 GC heap after
Heap after GC invocations=15 (full 1):
 PSYoungGen      total 1341440K, used 0K [0x00000007ac600000, 0x00000007ffc00000, 0x0000000800000000)
  eden space 1319936K, 0% used [0x00000007ac600000,0x00000007ac600000,0x00000007fcf00000)
  from space 21504K, 0% used [0x00000007fe700000,0x00000007fe700000,0x00000007ffc00000)
  to   space 23040K, 0% used [0x00000007fcf00000,0x00000007fcf00000,0x00000007fe580000)
 ParOldGen       total 171008K, used 27127K [0x0000000705200000, 0x000000070f900000, 0x00000007ac600000)
  object space 171008K, 15% used [0x0000000705200000,0x0000000706c7de10,0x000000070f900000)
 PSPermGen       total 59392K, used 29666K [0x0000000700000000, 0x0000000703a00000, 0x0000000705200000)
  object space 59392K, 49% used [0x0000000700000000,0x0000000701cf8a30,0x0000000703a00000)
}

